[2025-05-22T04:52:48.419Z] Starting server...
[2025-05-22T04:52:48.425Z] Running in Docker: true
[2025-05-22T04:52:48.432Z] Server running at http://localhost:8080
[2025-05-22T05:00:45.833Z] Starting server...
[2025-05-22T05:00:45.837Z] Running in Docker: true
[2025-05-22T05:00:45.842Z] Server running at http://localhost:8080
[2025-05-22T05:02:39.279Z] Starting server...
[2025-05-22T05:02:39.283Z] Running in Docker: true
[2025-05-22T05:02:39.291Z] Server running at http://localhost:8080
[2025-05-22T05:06:40.365Z] Starting server...
[2025-05-22T05:06:40.371Z] Running in Docker: true
[2025-05-22T05:06:40.376Z] Server running at http://localhost:8080
[2025-05-22T05:08:32.818Z] Starting server...
[2025-05-22T05:08:32.821Z] Running in Docker: true
[2025-05-22T05:08:32.825Z] Server running at http://localhost:8080
[2025-05-22T05:16:31.271Z] Starting server...
[2025-05-22T05:16:31.274Z] Running in Docker: true
[2025-05-22T05:16:31.279Z] Server running at http://localhost:8080
[2025-05-22T05:26:52.747Z] Starting server...
[2025-05-22T05:26:52.751Z] Running in Docker: true
[2025-05-22T05:26:52.756Z] Server running at http://localhost:8080
[2025-05-22T13:47:34.890Z] Starting server...
[2025-05-22T13:47:34.894Z] Running in Docker: true
[2025-05-22T13:47:34.899Z] Server running at http://localhost:8080
[2025-05-22T13:49:19.410Z] Running custom test: A, initial: 10, target: 50, duration: 1m
[2025-05-22T13:49:19.417Z] Created custom config file at /app/custom-config-1747921759414.js
[2025-05-22T13:49:19.419Z] Executing command: docker exec k6-runner k6 run --config /scripts/custom-config-1747921759414.js /scripts/stress-test.js
[2025-05-22T13:49:19.431Z] Deleted custom config file /app/custom-config-1747921759414.js
[2025-05-22T13:49:19.433Z] Error executing custom test: Command failed: docker exec k6-runner k6 run --config /scripts/custom-config-1747921759414.js /scripts/stress-test.js
/bin/sh: docker: not found

[2025-05-22T13:49:21.567Z] Running custom test: A, initial: 10, target: 50, duration: 1m
[2025-05-22T13:49:21.571Z] Created custom config file at /app/custom-config-1747921761569.js
[2025-05-22T13:49:21.573Z] Executing command: docker exec k6-runner k6 run --config /scripts/custom-config-1747921761569.js /scripts/stress-test.js
[2025-05-22T13:49:21.577Z] Deleted custom config file /app/custom-config-1747921761569.js
[2025-05-22T13:49:21.578Z] Error executing custom test: Command failed: docker exec k6-runner k6 run --config /scripts/custom-config-1747921761569.js /scripts/stress-test.js
/bin/sh: docker: not found

[2025-05-22T13:53:02.858Z] Starting server...
[2025-05-22T13:53:02.861Z] Running in Docker: true
[2025-05-22T13:53:02.866Z] Server running at http://localhost:8080
[2025-05-22T13:55:45.408Z] Starting server...
[2025-05-22T13:55:45.413Z] Running in Docker: true
[2025-05-22T13:55:45.419Z] Server running at http://localhost:8080
[2025-05-22T13:56:31.034Z] Running wallet-specific test with intensity: moderate
[2025-05-22T13:56:31.036Z] Executing wallet test command: docker exec k6-runner k6 run --config /scripts/config.js -e SCENARIO=wallet_moderate /scripts/wallet-test.js
[2025-05-22T13:56:31.050Z] Error executing wallet test: Command failed: docker exec k6-runner k6 run --config /scripts/config.js -e SCENARIO=wallet_moderate /scripts/wallet-test.js
/bin/sh: docker: not found

